2019/06/17 01:04:06 INFO  - jmeter.util.JMeterUtils: Setting Locale to en_US 
2019/06/17 01:04:06 INFO  - jmeter.JMeter: Loading user properties from: /usr/share/jmeter/bin/user.properties 
2019/06/17 01:04:06 INFO  - jmeter.JMeter: Loading system properties from: /usr/share/jmeter/bin/system.properties 
2019/06/17 01:04:06 INFO  - jmeter.JMeter: Copyright (c) 1998-2015 The Apache Software Foundation 
2019/06/17 01:04:06 INFO  - jmeter.JMeter: Version 2.13.20170723 
2019/06/17 01:04:06 INFO  - jmeter.JMeter: java.version=1.8.0_201 
2019/06/17 01:04:06 INFO  - jmeter.JMeter: java.vm.name=Java HotSpot(TM) 64-Bit Server VM 
2019/06/17 01:04:06 INFO  - jmeter.JMeter: os.name=Linux 
2019/06/17 01:04:06 INFO  - jmeter.JMeter: os.arch=amd64 
2019/06/17 01:04:06 INFO  - jmeter.JMeter: os.version=4.18.0-21-generic 
2019/06/17 01:04:06 INFO  - jmeter.JMeter: file.encoding=UTF-8 
2019/06/17 01:04:06 INFO  - jmeter.JMeter: Default Locale=English (United States) 
2019/06/17 01:04:06 INFO  - jmeter.JMeter: JMeter  Locale=English (United States) 
2019/06/17 01:04:06 INFO  - jmeter.JMeter: JMeterHome=/usr/share/jmeter 
2019/06/17 01:04:06 INFO  - jmeter.JMeter: user.dir  =/home/dhruv/ediss 
2019/06/17 01:04:06 INFO  - jmeter.JMeter: PWD       =/home/dhruv/ediss 
2019/06/17 01:04:06 INFO  - jmeter.JMeter: IP: 127.0.1.1 Name: ubuntu FullName: ubuntu 
2019/06/17 01:04:07 INFO  - jmeter.gui.action.LookAndFeelCommand: Using look and feel: javax.swing.plaf.metal.MetalLookAndFeel [Metal, CrossPlatform] 
2019/06/17 01:04:07 INFO  - jmeter.JMeter: Loaded icon properties from org/apache/jmeter/images/icon.properties 
2019/06/17 01:04:08 INFO  - jmeter.engine.util.CompoundVariable: Note: Function class names must contain the string: '.functions.' 
2019/06/17 01:04:09 INFO  - jmeter.engine.util.CompoundVariable: Note: Function class names must not contain the string: '.gui.' 
2019/06/17 01:04:12 INFO  - jmeter.util.BSFTestElement: Registering JMeter version of JavaScript engine as work-round for BSF-22 
2019/06/17 01:04:12 INFO  - jmeter.protocol.http.sampler.HTTPSamplerBase: Cannot find .className property for htmlParser, using default 
2019/06/17 01:04:12 INFO  - jmeter.protocol.http.sampler.HTTPSamplerBase: Parser for text/html is  
2019/06/17 01:04:12 INFO  - jmeter.protocol.http.sampler.HTTPSamplerBase: Parser for application/xhtml+xml is  
2019/06/17 01:04:12 INFO  - jmeter.protocol.http.sampler.HTTPSamplerBase: Parser for application/xml is  
2019/06/17 01:04:12 INFO  - jmeter.protocol.http.sampler.HTTPSamplerBase: Parser for text/xml is  
2019/06/17 01:04:12 INFO  - jmeter.protocol.http.sampler.HTTPSamplerBase: Parser for text/vnd.wap.wml is org.apache.jmeter.protocol.http.parser.RegexpHTMLParser 
2019/06/17 01:04:13 INFO  - jmeter.gui.util.MenuFactory: Skipping org.apache.jmeter.protocol.http.modifier.gui.ParamModifierGui 
2019/06/17 01:04:13 INFO  - jorphan.exec.KeyToolUtils: keytool found at 'keytool' 
2019/06/17 01:04:13 INFO  - jmeter.protocol.http.proxy.ProxyControl: HTTP(S) Test Script Recorder SSL Proxy will use keys that support embedded 3rd party resources in file /usr/share/jmeter/bin/proxyserver.jks 
2019/06/17 01:04:13 INFO  - jmeter.samplers.SampleResult: Note: Sample TimeStamps are START times 
2019/06/17 01:04:13 INFO  - jmeter.samplers.SampleResult: sampleresult.default.encoding is set to ISO-8859-1 
2019/06/17 01:04:13 INFO  - jmeter.samplers.SampleResult: sampleresult.useNanoTime=true 
2019/06/17 01:04:13 INFO  - jmeter.samplers.SampleResult: sampleresult.nanoThreadSleep=5000 
